[13/07/2018 19:46:00] /town Darashia
[13/07/2018 19:47:27] /reload movements
[13/07/2018 19:48:42] /i magic lightwand
[13/07/2018 19:48:57] /i magic lightwand
[13/07/2018 19:49:00] /r
[13/07/2018 19:52:21] /reload movements
[13/07/2018 20:09:01] /i 2050
[13/07/2018 20:09:03] /i 2051
[13/07/2018 20:09:08] /i 2052
[13/07/2018 20:10:38] /i 2055
[13/07/2018 20:10:44] /i 2056
[13/07/2018 20:10:51] /r
[13/07/2018 20:11:53] /r
[13/07/2018 20:11:55] /r
[13/07/2018 20:11:56] /r
[13/07/2018 20:11:56] /r
[13/07/2018 20:16:47] /r
[13/07/2018 20:16:52] /r
[15/07/2018 23:01:04] /ghost
[15/07/2018 23:01:10] /goto Reggae
[16/07/2018 16:12:29] /ghost
[16/07/2018 16:12:33] /goto Legalas
[16/07/2018 16:13:00] /goto 32230,32206,7
[16/07/2018 16:13:03] /c Legalas
[16/07/2018 16:14:16] /ghost
[16/07/2018 16:14:20] /town Thais
[16/07/2018 22:26:46] /info Legalas
[16/07/2018 23:10:22] /reload npcs
[16/07/2018 23:11:37] /save
[16/07/2018 23:14:20] /i backpack
[16/07/2018 23:14:25] /i crusader helmet
[16/07/2018 23:14:28] /i boots of haste
[16/07/2018 23:14:36] /i great shield
[16/07/2018 23:14:48] /i sun axe
[16/07/2018 23:14:58] /i demon legs
[16/07/2018 23:15:08] /i solar axe
[16/07/2018 23:15:18] /i golden armor
[16/07/2018 23:17:49] /town Darashia
[16/07/2018 23:19:59] /goto A Sweaty Cyclops
[16/07/2018 23:20:04] /i platinum coins
[16/07/2018 23:20:06] /i platinum coin
[16/07/2018 23:21:12] /goto Lubo
[16/07/2018 23:21:16] /i minotaur leather
